<?xml version="1.0" encoding="UTF-8"?>
<!-- Generated by org.testng.reporters.JUnitReportReporter -->
<testsuite hostname="MT-5CD119LDW3" failures="0" tests="3" name="Mindtree.FrameWork.FirstTestNg" time="21.389" errors="0" timestamp="2021-10-27T20:12:49 IST" skipped="0">
  <testcase classname="Mindtree.FrameWork.FirstTestNg" name="login" time="8.054"/>
  <system-out/>
  <testcase classname="Mindtree.FrameWork.FirstTestNg" name="login" time="6.156"/>
  <system-out/>
  <testcase classname="Mindtree.FrameWork.FirstTestNg" name="login" time="7.179"/>
  <system-out/>
</testsuite> <!-- Mindtree.FrameWork.FirstTestNg -->
