<?xml version="1.0" encoding="UTF-8"?>
<!-- Generated by org.testng.reporters.JUnitReportReporter -->
<testsuite hostname="MT-5CD119LDW3" failures="0" tests="3" name="Mindtree.FrameWork.LogInAutomation" time="25.597" errors="0" timestamp="2021-10-28T15:17:59 IST" skipped="0">
  <testcase classname="Mindtree.FrameWork.LogInAutomation" name="login" time="8.266"/>
  <system-out/>
  <testcase classname="Mindtree.FrameWork.LogInAutomation" name="login" time="8.593"/>
  <system-out/>
  <testcase classname="Mindtree.FrameWork.LogInAutomation" name="login" time="8.738"/>
  <system-out/>
</testsuite> <!-- Mindtree.FrameWork.LogInAutomation -->
